[2018-04-05T19:54:02.827] [ERROR] cheese - ikcamp
[2018-04-05T19:54:02.845] [INFO] cheese - 响应时间为：0.025 s
[2018-04-05T19:54:02.869] [INFO] cheese - 响应时间为：0.003 s
[2018-04-05T19:54:04.316] [ERROR] cheese - ikcamp
[2018-04-05T19:54:04.320] [INFO] cheese - 响应时间为：0.004 s
[2018-04-05T19:54:04.353] [INFO] cheese - 响应时间为：0.001 s
[2018-04-05T19:54:05.386] [ERROR] cheese - ikcamp
[2018-04-05T19:54:05.388] [INFO] cheese - 响应时间为：0.015 s
[2018-04-05T19:54:05.408] [INFO] cheese - 响应时间为：0.001 s
[2018-04-05T20:01:54.643] [ERROR] cheese - ikcamp
[2018-04-05T20:01:54.667] [INFO] cheese - 响应时间为：0.06 s
[2018-04-05T20:01:54.700] [INFO] cheese - 响应时间为：0.007 s
[2018-04-05T20:01:55.877] [ERROR] cheese - ikcamp
[2018-04-05T20:01:55.881] [INFO] cheese - 响应时间为：0.005 s
[2018-04-05T20:01:55.928] [INFO] cheese - 响应时间为：0.002 s
[2018-04-05T20:01:57.192] [ERROR] cheese - ikcamp
[2018-04-05T20:01:57.194] [INFO] cheese - 响应时间为：0.013 s
[2018-04-05T20:01:57.227] [INFO] cheese - 响应时间为：0.002 s
[2018-04-05T20:02:13.803] [ERROR] cheese - ikcamp
[2018-04-05T20:02:13.805] [INFO] cheese - 响应时间为：0.004 s
[2018-04-05T20:02:13.833] [INFO] cheese - 响应时间为：0.003 s
[2018-04-05T20:08:41.510] [ERROR] cheese - {"projectName":"koa2-tutorial","serverIp":"0.0.0.0","method":"GET","url":"/","host":"localhost:3000","message":"ikcamp","userAgent":"Mozilla/5.0 (Macintosh; Intel Mac OS X 10_13_3) AppleWebKit/537.36 (KHTML, like Gecko) Chrome/65.0.3325.181 Safari/537.36"}
[2018-04-05T20:08:41.539] [INFO] cheese - 响应时间为：0.085 s
[2018-04-05T20:08:41.573] [INFO] cheese - 响应时间为：0.004 s
[2018-04-05T20:08:42.871] [ERROR] cheese - {"projectName":"koa2-tutorial","serverIp":"0.0.0.0","method":"GET","url":"/login","host":"localhost:3000","message":"ikcamp","referer":"http://localhost:3000/","userAgent":"Mozilla/5.0 (Macintosh; Intel Mac OS X 10_13_3) AppleWebKit/537.36 (KHTML, like Gecko) Chrome/65.0.3325.181 Safari/537.36"}
[2018-04-05T20:08:42.875] [INFO] cheese - 响应时间为：0.005 s
[2018-04-05T20:08:42.929] [INFO] cheese - 响应时间为：0.002 s
[2018-04-05T20:08:44.114] [ERROR] cheese - {"projectName":"koa2-tutorial","serverIp":"0.0.0.0","method":"POST","url":"/login","host":"localhost:3000","message":"ikcamp","referer":"http://localhost:3000/login","userAgent":"Mozilla/5.0 (Macintosh; Intel Mac OS X 10_13_3) AppleWebKit/537.36 (KHTML, like Gecko) Chrome/65.0.3325.181 Safari/537.36"}
[2018-04-05T20:08:44.118] [INFO] cheese - 响应时间为：0.016 s
[2018-04-05T20:08:44.144] [INFO] cheese - 响应时间为：0.001 s
[2018-04-05T20:16:48.552] [ERROR] cheese - {"projectName":"koa2-tutorial","serverIp":"192.168.31.171","method":"GET","url":"/","host":"localhost:3000","message":"ikcamp","userAgent":"Mozilla/5.0 (Macintosh; Intel Mac OS X 10_13_3) AppleWebKit/537.36 (KHTML, like Gecko) Chrome/65.0.3325.181 Safari/537.36"}
[2018-04-05T20:16:48.575] [INFO] cheese - 响应时间为：0.059 s
[2018-04-05T20:16:48.605] [INFO] cheese - 响应时间为：0.004 s
[2018-04-05T20:16:49.888] [ERROR] cheese - {"projectName":"koa2-tutorial","serverIp":"192.168.31.171","method":"GET","url":"/login","host":"localhost:3000","message":"ikcamp","referer":"http://localhost:3000/","userAgent":"Mozilla/5.0 (Macintosh; Intel Mac OS X 10_13_3) AppleWebKit/537.36 (KHTML, like Gecko) Chrome/65.0.3325.181 Safari/537.36"}
[2018-04-05T20:16:49.892] [INFO] cheese - 响应时间为：0.005 s
[2018-04-05T20:16:49.951] [INFO] cheese - 响应时间为：0.002 s
[2018-04-05T20:16:50.907] [ERROR] cheese - {"projectName":"koa2-tutorial","serverIp":"192.168.31.171","method":"POST","url":"/login","host":"localhost:3000","message":"ikcamp","referer":"http://localhost:3000/login","userAgent":"Mozilla/5.0 (Macintosh; Intel Mac OS X 10_13_3) AppleWebKit/537.36 (KHTML, like Gecko) Chrome/65.0.3325.181 Safari/537.36"}
[2018-04-05T20:16:50.909] [INFO] cheese - 响应时间为：0.014 s
[2018-04-05T20:16:50.933] [INFO] cheese - 响应时间为：0.002 s
[2018-04-05T20:32:30.913] [ERROR] cheese - {"projectName":"koa2-tutorial","serverIp":"192.168.31.171","method":"GET","url":"/","host":"localhost:3000","message":"ikcamp","userAgent":"Mozilla/5.0 (Macintosh; Intel Mac OS X 10_13_3) AppleWebKit/537.36 (KHTML, like Gecko) Chrome/65.0.3325.181 Safari/537.36"}
[2018-04-05T20:32:30.938] [INFO] cheese - 响应时间为：0.062 s
[2018-04-05T20:32:30.966] [INFO] cheese - 响应时间为：0.003 s
[2018-04-05T20:32:32.387] [ERROR] cheese - {"projectName":"koa2-tutorial","serverIp":"192.168.31.171","method":"GET","url":"/login","host":"localhost:3000","message":"ikcamp","referer":"http://localhost:3000/","userAgent":"Mozilla/5.0 (Macintosh; Intel Mac OS X 10_13_3) AppleWebKit/537.36 (KHTML, like Gecko) Chrome/65.0.3325.181 Safari/537.36"}
[2018-04-05T20:32:32.391] [INFO] cheese - 响应时间为：0.005 s
[2018-04-05T20:32:32.424] [INFO] cheese - 响应时间为：0.005 s
[2018-04-05T20:32:34.182] [ERROR] cheese - {"projectName":"koa2-tutorial","serverIp":"192.168.31.171","method":"POST","url":"/login","host":"localhost:3000","message":"ikcamp","referer":"http://localhost:3000/login","userAgent":"Mozilla/5.0 (Macintosh; Intel Mac OS X 10_13_3) AppleWebKit/537.36 (KHTML, like Gecko) Chrome/65.0.3325.181 Safari/537.36"}
[2018-04-05T20:32:34.184] [INFO] cheese - 响应时间为：0.015 s
[2018-04-05T20:32:34.215] [INFO] cheese - 响应时间为：0.004 s
